<?xml version="1.0" encoding="UTF-8"?>
<!-- Generated by org.testng.reporters.JUnitXMLReporter -->
<testsuite hostname="DESKTOP-OA5BPD3" ignored="0" name="Title validation Test" tests="1" failures="1" timestamp="10 Mar 2019 12:31:36 GMT" time="7.49" errors="0">
  <testcase name="basePageNavigation" time="3.247" classname="swastick.com.TitleValidate">
    <failure type="java.lang.AssertionError" message="expected [true] but found [false]">
      <![CDATA[java.lang.AssertionError: expected [true] but found [false]
at swastick.com.TitleValidate.basePageNavigation(TitleValidate.java:32)
... Removed 29 stack frames]]>
    </failure>
  </testcase> <!-- basePageNavigation -->
</testsuite> <!-- Title validation Test -->
